#
# A fatal error has been detected by the Java Runtime Environment:
#
#  Internal Error (jvmciRuntime.cpp:1624), pid=39220, tid=40180
#  fatal error: Fatal exception in JVMCI: Exception during JVMCI compiler initialization
#
# JRE version: OpenJDK Runtime Environment Zulu20.28+85-CA (20.0+36) (build 20+36)
# Java VM: OpenJDK 64-Bit Server VM Zulu20.28+85-CA (20+36, mixed mode, tiered, jvmci, jvmci compiler, compressed oops, compressed class ptrs, g1 gc, windows-amd64)
# No core dump will be written. Minidumps are not enabled by default on client versions of Windows
#
# If you would like to submit a bug report, please visit:
#   http://www.azul.com/support/
#

---------------  S U M M A R Y ------------

Command Line: -javaagent:C:\\Users\\jtalbut\\.m2\\repository\\org\\jacoco\\org.jacoco.agent\\0.8.9\\org.jacoco.agent-0.8.9-runtime.jar=destfile=C:\\Work\\github\\query-engine\\query-engine\\target\\jacoco.exec -Dfile.encoding=UTF-8 -XX:+UnlockExperimentalVMOptions -XX:+UseJVMCICompiler --module-path=target/compiler --upgrade-module-path=target/compiler C:\Users\jtalbut\AppData\Roaming\MobaXterm\slash\var\log\xwin\surefire10807259271078126577\surefirebooter-20230414084139271_9.jar C:\Users\jtalbut\AppData\Roaming\MobaXterm\slash\var\log\xwin\surefire10807259271078126577 2023-04-14T08-41-38_793-jvmRun3 surefire-20230414084139271_1tmp surefire_0-20230414084139271_5tmp

Host: AMD Ryzen 9 5950X 16-Core Processor            , 32 cores, 63G,  Windows 11 , 64 bit Build 22621 (10.0.22621.1485)
Time: Fri Apr 14 08:41:39 2023 GMT Summer Time elapsed time: 0.354599 seconds (0d 0h 0m 0s)

---------------  T H R E A D  ---------------

Current thread (0x00000260d922e750):  JavaThread "JVMCI CompilerThread0" daemon [_thread_in_vm, id=40180, stack(0x000000fc4c600000,0x000000fc4c700000)]


Current CompileTask:
JVMCI:    354  449 %     4       java.lang.StringLatin1::indexOfChar @ 7 (33 bytes)

Stack: [0x000000fc4c600000,0x000000fc4c700000]
Native frames: (J=compiled Java code, j=interpreted, Vv=VM code, C=native code)
V  [jvm.dll+0x6c082a]
V  [jvm.dll+0x89d74a]
V  [jvm.dll+0x89f345]
V  [jvm.dll+0x28366b]
V  [jvm.dll+0x51b06f]
V  [jvm.dll+0x25c194]
V  [jvm.dll+0x25ab10]
V  [jvm.dll+0x3f5ea5]
V  [jvm.dll+0x849936]
V  [jvm.dll+0x6bf49b]
C  [ucrtbase.dll+0x29363]
C  [KERNEL32.DLL+0x1269d]
C  [ntdll.dll+0x5a9f8]


---------------  P R O C E S S  ---------------

Threads class SMR info:
_java_thread_list=0x00000260d57f3510, length=14, elements={
0x00000260a6ed09a0, 0x00000260d91e11e0, 0x00000260d91e1d20, 0x00000260d9221090,
0x00000260d9214c20, 0x00000260d9215560, 0x00000260d9215ea0, 0x00000260d922e750,
0x00000260d9234880, 0x00000260d9287a10, 0x00000260d9407010, 0x00000260d949d9d0,
0x00000260d949df60, 0x00000260d949e4f0
}

Java Threads: ( => current thread )
  0x00000260a6ed09a0 JavaThread "main" [_thread_in_Java, id=29676, stack(0x000000fc4b900000,0x000000fc4ba00000)]
  0x00000260d91e11e0 JavaThread "Reference Handler" daemon [_thread_blocked, id=35448, stack(0x000000fc4c000000,0x000000fc4c100000)]
  0x00000260d91e1d20 JavaThread "Finalizer" daemon [_thread_blocked, id=42872, stack(0x000000fc4c100000,0x000000fc4c200000)]
  0x00000260d9221090 JavaThread "Signal Dispatcher" daemon [_thread_blocked, id=17488, stack(0x000000fc4c200000,0x000000fc4c300000)]
  0x00000260d9214c20 JavaThread "Attach Listener" daemon [_thread_blocked, id=22252, stack(0x000000fc4c300000,0x000000fc4c400000)]
  0x00000260d9215560 JavaThread "Service Thread" daemon [_thread_blocked, id=39620, stack(0x000000fc4c400000,0x000000fc4c500000)]
  0x00000260d9215ea0 JavaThread "Monitor Deflation Thread" daemon [_thread_blocked, id=42624, stack(0x000000fc4c500000,0x000000fc4c600000)]
=>0x00000260d922e750 JavaThread "JVMCI CompilerThread0" daemon [_thread_in_vm, id=40180, stack(0x000000fc4c600000,0x000000fc4c700000)]
  0x00000260d9234880 JavaThread "C1 CompilerThread0" daemon [_thread_blocked, id=5992, stack(0x000000fc4c700000,0x000000fc4c800000)]
  0x00000260d9287a10 JavaThread "C1 CompilerThread1" daemon [_thread_blocked, id=24616, stack(0x000000fc4c800000,0x000000fc4c900000)]
  0x00000260d9407010 JavaThread "Common-Cleaner" daemon [_thread_blocked, id=37752, stack(0x000000fc4c900000,0x000000fc4ca00000)]
  0x00000260d949d9d0 JavaThread "C1 CompilerThread2" daemon [_thread_blocked, id=39236, stack(0x000000fc4ca00000,0x000000fc4cb00000)]
  0x00000260d949df60 JavaThread "C1 CompilerThread3" daemon [_thread_blocked, id=5124, stack(0x000000fc4cb00000,0x000000fc4cc00000)]
  0x00000260d949e4f0 JavaThread "C1 CompilerThread4" daemon [_thread_blocked, id=39508, stack(0x000000fc4cc00000,0x000000fc4cd00000)]

Other Threads:
  0x00000260a6ef2270 VMThread "VM Thread" [stack: 0x000000fc4bf00000,0x000000fc4c000000] [id=25068]
  0x00000260a6ef3bc0 WorkerThread "GC Thread#0" [stack: 0x000000fc4ba00000,0x000000fc4bb00000] [id=38636]
  0x00000260a6f8d100 ConcurrentGCThread "G1 Main Marker" [stack: 0x000000fc4bb00000,0x000000fc4bc00000] [id=35080]
  0x00000260a6ef1fa0 WorkerThread "G1 Conc#0" [stack: 0x000000fc4bc00000,0x000000fc4bd00000] [id=39708]
  0x00000260d57778a0 ConcurrentGCThread "G1 Refine#0" [stack: 0x000000fc4bd00000,0x000000fc4be00000] [id=6796]
  0x00000260d57781e0 ConcurrentGCThread "G1 Service" [stack: 0x000000fc4be00000,0x000000fc4bf00000] [id=35284]

Threads with active compile tasks:
JVMCI CompilerThread0      364  449 %     4       java.lang.StringLatin1::indexOfChar @ 7 (33 bytes)

VM state: not at safepoint (normal execution)

VM Mutex/Monitor currently owned by a thread: None

Heap address: 0x00000003c1800000, size: 16360 MB, Compressed Oops mode: Zero based, Oop shift amount: 3

CDS archive(s) not mapped
Compressed class space mapped at: 0x00000007c0000000-0x0000000800000000, reserved size: 1073741824
Narrow klass base: 0x0000000000000000, Narrow klass shift: 3, Narrow klass range: 0x800000000

GC Precious Log:
 CardTable entry size: 512
 Card Set container configuration: InlinePtr #cards 4 size 8 Array Of Cards #cards 64 size 144 Howl #buckets 8 coarsen threshold 14745 Howl Bitmap #cards 2048 size 272 coarsen threshold 1843 Card regions per heap region 1 cards per card region 16384
 CPUs: 32 total, 32 available
 Memory: 65436M
 Large Page Support: Disabled
 NUMA Support: Disabled
 Compressed Oops: Enabled (Zero based)
 Heap Region Size: 8M
 Heap Min Capacity: 8M
 Heap Initial Capacity: 1G
 Heap Max Capacity: 16360M
 Pre-touch: Disabled
 Parallel Workers: 23
 Concurrent Workers: 6
 Concurrent Refinement Workers: 23
 Periodic GC: Disabled

Heap:
 garbage-first heap   total 1048576K, used 32768K [0x00000003c1800000, 0x00000007c0000000)
  region size 8192K, 6 young (49152K), 0 survivors (0K)
 Metaspace       used 10157K, committed 10368K, reserved 1114112K
  class space    used 886K, committed 1024K, reserved 1048576K

Heap Regions: E=young(eden), S=young(survivor), O=old, HS=humongous(starts), HC=humongous(continues), CS=collection set, F=free, OA=open archive, CA=closed archive, TAMS=top-at-mark-start, PB=parsable bottom
|   0|0x00000003c1800000, 0x00000003c1800000, 0x00000003c2000000|  0%| F|  |TAMS 0x00000003c1800000| PB 0x00000003c1800000| Untracked 
|   1|0x00000003c2000000, 0x00000003c2000000, 0x00000003c2800000|  0%| F|  |TAMS 0x00000003c2000000| PB 0x00000003c2000000| Untracked 
|   2|0x00000003c2800000, 0x00000003c2800000, 0x00000003c3000000|  0%| F|  |TAMS 0x00000003c2800000| PB 0x00000003c2800000| Untracked 
|   3|0x00000003c3000000, 0x00000003c3000000, 0x00000003c3800000|  0%| F|  |TAMS 0x00000003c3000000| PB 0x00000003c3000000| Untracked 
|   4|0x00000003c3800000, 0x00000003c3800000, 0x00000003c4000000|  0%| F|  |TAMS 0x00000003c3800000| PB 0x00000003c3800000| Untracked 
|   5|0x00000003c4000000, 0x00000003c4000000, 0x00000003c4800000|  0%| F|  |TAMS 0x00000003c4000000| PB 0x00000003c4000000| Untracked 
|   6|0x00000003c4800000, 0x00000003c4800000, 0x00000003c5000000|  0%| F|  |TAMS 0x00000003c4800000| PB 0x00000003c4800000| Untracked 
|   7|0x00000003c5000000, 0x00000003c5000000, 0x00000003c5800000|  0%| F|  |TAMS 0x00000003c5000000| PB 0x00000003c5000000| Untracked 
|   8|0x00000003c5800000, 0x00000003c5800000, 0x00000003c6000000|  0%| F|  |TAMS 0x00000003c5800000| PB 0x00000003c5800000| Untracked 
|   9|0x00000003c6000000, 0x00000003c6000000, 0x00000003c6800000|  0%| F|  |TAMS 0x00000003c6000000| PB 0x00000003c6000000| Untracked 
|  10|0x00000003c6800000, 0x00000003c6800000, 0x00000003c7000000|  0%| F|  |TAMS 0x00000003c6800000| PB 0x00000003c6800000| Untracked 
|  11|0x00000003c7000000, 0x00000003c7000000, 0x00000003c7800000|  0%| F|  |TAMS 0x00000003c7000000| PB 0x00000003c7000000| Untracked 
|  12|0x00000003c7800000, 0x00000003c7800000, 0x00000003c8000000|  0%| F|  |TAMS 0x00000003c7800000| PB 0x00000003c7800000| Untracked 
|  13|0x00000003c8000000, 0x00000003c8000000, 0x00000003c8800000|  0%| F|  |TAMS 0x00000003c8000000| PB 0x00000003c8000000| Untracked 
|  14|0x00000003c8800000, 0x00000003c8800000, 0x00000003c9000000|  0%| F|  |TAMS 0x00000003c8800000| PB 0x00000003c8800000| Untracked 
|  15|0x00000003c9000000, 0x00000003c9000000, 0x00000003c9800000|  0%| F|  |TAMS 0x00000003c9000000| PB 0x00000003c9000000| Untracked 
|  16|0x00000003c9800000, 0x00000003c9800000, 0x00000003ca000000|  0%| F|  |TAMS 0x00000003c9800000| PB 0x00000003c9800000| Untracked 
|  17|0x00000003ca000000, 0x00000003ca000000, 0x00000003ca800000|  0%| F|  |TAMS 0x00000003ca000000| PB 0x00000003ca000000| Untracked 
|  18|0x00000003ca800000, 0x00000003ca800000, 0x00000003cb000000|  0%| F|  |TAMS 0x00000003ca800000| PB 0x00000003ca800000| Untracked 
|  19|0x00000003cb000000, 0x00000003cb000000, 0x00000003cb800000|  0%| F|  |TAMS 0x00000003cb000000| PB 0x00000003cb000000| Untracked 
|  20|0x00000003cb800000, 0x00000003cb800000, 0x00000003cc000000|  0%| F|  |TAMS 0x00000003cb800000| PB 0x00000003cb800000| Untracked 
|  21|0x00000003cc000000, 0x00000003cc000000, 0x00000003cc800000|  0%| F|  |TAMS 0x00000003cc000000| PB 0x00000003cc000000| Untracked 
|  22|0x00000003cc800000, 0x00000003cc800000, 0x00000003cd000000|  0%| F|  |TAMS 0x00000003cc800000| PB 0x00000003cc800000| Untracked 
|  23|0x00000003cd000000, 0x00000003cd000000, 0x00000003cd800000|  0%| F|  |TAMS 0x00000003cd000000| PB 0x00000003cd000000| Untracked 
|  24|0x00000003cd800000, 0x00000003cd800000, 0x00000003ce000000|  0%| F|  |TAMS 0x00000003cd800000| PB 0x00000003cd800000| Untracked 
|  25|0x00000003ce000000, 0x00000003ce000000, 0x00000003ce800000|  0%| F|  |TAMS 0x00000003ce000000| PB 0x00000003ce000000| Untracked 
|  26|0x00000003ce800000, 0x00000003ce800000, 0x00000003cf000000|  0%| F|  |TAMS 0x00000003ce800000| PB 0x00000003ce800000| Untracked 
|  27|0x00000003cf000000, 0x00000003cf000000, 0x00000003cf800000|  0%| F|  |TAMS 0x00000003cf000000| PB 0x00000003cf000000| Untracked 
|  28|0x00000003cf800000, 0x00000003cf800000, 0x00000003d0000000|  0%| F|  |TAMS 0x00000003cf800000| PB 0x00000003cf800000| Untracked 
|  29|0x00000003d0000000, 0x00000003d0000000, 0x00000003d0800000|  0%| F|  |TAMS 0x00000003d0000000| PB 0x00000003d0000000| Untracked 
|  30|0x00000003d0800000, 0x00000003d0800000, 0x00000003d1000000|  0%| F|  |TAMS 0x00000003d0800000| PB 0x00000003d0800000| Untracked 
|  31|0x00000003d1000000, 0x00000003d1000000, 0x00000003d1800000|  0%| F|  |TAMS 0x00000003d1000000| PB 0x00000003d1000000| Untracked 
|  32|0x00000003d1800000, 0x00000003d1800000, 0x00000003d2000000|  0%| F|  |TAMS 0x00000003d1800000| PB 0x00000003d1800000| Untracked 
|  33|0x00000003d2000000, 0x00000003d2000000, 0x00000003d2800000|  0%| F|  |TAMS 0x00000003d2000000| PB 0x00000003d2000000| Untracked 
|  34|0x00000003d2800000, 0x00000003d2800000, 0x00000003d3000000|  0%| F|  |TAMS 0x00000003d2800000| PB 0x00000003d2800000| Untracked 
|  35|0x00000003d3000000, 0x00000003d3000000, 0x00000003d3800000|  0%| F|  |TAMS 0x00000003d3000000| PB 0x00000003d3000000| Untracked 
|  36|0x00000003d3800000, 0x00000003d3800000, 0x00000003d4000000|  0%| F|  |TAMS 0x00000003d3800000| PB 0x00000003d3800000| Untracked 
|  37|0x00000003d4000000, 0x00000003d4000000, 0x00000003d4800000|  0%| F|  |TAMS 0x00000003d4000000| PB 0x00000003d4000000| Untracked 
|  38|0x00000003d4800000, 0x00000003d4800000, 0x00000003d5000000|  0%| F|  |TAMS 0x00000003d4800000| PB 0x00000003d4800000| Untracked 
|  39|0x00000003d5000000, 0x00000003d5000000, 0x00000003d5800000|  0%| F|  |TAMS 0x00000003d5000000| PB 0x00000003d5000000| Untracked 
|  40|0x00000003d5800000, 0x00000003d5800000, 0x00000003d6000000|  0%| F|  |TAMS 0x00000003d5800000| PB 0x00000003d5800000| Untracked 
|  41|0x00000003d6000000, 0x00000003d6000000, 0x00000003d6800000|  0%| F|  |TAMS 0x00000003d6000000| PB 0x00000003d6000000| Untracked 
|  42|0x00000003d6800000, 0x00000003d6800000, 0x00000003d7000000|  0%| F|  |TAMS 0x00000003d6800000| PB 0x00000003d6800000| Untracked 
|  43|0x00000003d7000000, 0x00000003d7000000, 0x00000003d7800000|  0%| F|  |TAMS 0x00000003d7000000| PB 0x00000003d7000000| Untracked 
|  44|0x00000003d7800000, 0x00000003d7800000, 0x00000003d8000000|  0%| F|  |TAMS 0x00000003d7800000| PB 0x00000003d7800000| Untracked 
|  45|0x00000003d8000000, 0x00000003d8000000, 0x00000003d8800000|  0%| F|  |TAMS 0x00000003d8000000| PB 0x00000003d8000000| Untracked 
|  46|0x00000003d8800000, 0x00000003d8800000, 0x00000003d9000000|  0%| F|  |TAMS 0x00000003d8800000| PB 0x00000003d8800000| Untracked 
|  47|0x00000003d9000000, 0x00000003d9000000, 0x00000003d9800000|  0%| F|  |TAMS 0x00000003d9000000| PB 0x00000003d9000000| Untracked 
|  48|0x00000003d9800000, 0x00000003d9800000, 0x00000003da000000|  0%| F|  |TAMS 0x00000003d9800000| PB 0x00000003d9800000| Untracked 
|  49|0x00000003da000000, 0x00000003da000000, 0x00000003da800000|  0%| F|  |TAMS 0x00000003da000000| PB 0x00000003da000000| Untracked 
|  50|0x00000003da800000, 0x00000003da800000, 0x00000003db000000|  0%| F|  |TAMS 0x00000003da800000| PB 0x00000003da800000| Untracked 
|  51|0x00000003db000000, 0x00000003db000000, 0x00000003db800000|  0%| F|  |TAMS 0x00000003db000000| PB 0x00000003db000000| Untracked 
|  52|0x00000003db800000, 0x00000003db800000, 0x00000003dc000000|  0%| F|  |TAMS 0x00000003db800000| PB 0x00000003db800000| Untracked 
|  53|0x00000003dc000000, 0x00000003dc000000, 0x00000003dc800000|  0%| F|  |TAMS 0x00000003dc000000| PB 0x00000003dc000000| Untracked 
|  54|0x00000003dc800000, 0x00000003dc800000, 0x00000003dd000000|  0%| F|  |TAMS 0x00000003dc800000| PB 0x00000003dc800000| Untracked 
|  55|0x00000003dd000000, 0x00000003dd000000, 0x00000003dd800000|  0%| F|  |TAMS 0x00000003dd000000| PB 0x00000003dd000000| Untracked 
|  56|0x00000003dd800000, 0x00000003dd800000, 0x00000003de000000|  0%| F|  |TAMS 0x00000003dd800000| PB 0x00000003dd800000| Untracked 
|  57|0x00000003de000000, 0x00000003de000000, 0x00000003de800000|  0%| F|  |TAMS 0x00000003de000000| PB 0x00000003de000000| Untracked 
|  58|0x00000003de800000, 0x00000003de800000, 0x00000003df000000|  0%| F|  |TAMS 0x00000003de800000| PB 0x00000003de800000| Untracked 
|  59|0x00000003df000000, 0x00000003df000000, 0x00000003df800000|  0%| F|  |TAMS 0x00000003df000000| PB 0x00000003df000000| Untracked 
|  60|0x00000003df800000, 0x00000003df800000, 0x00000003e0000000|  0%| F|  |TAMS 0x00000003df800000| PB 0x00000003df800000| Untracked 
|  61|0x00000003e0000000, 0x00000003e0000000, 0x00000003e0800000|  0%| F|  |TAMS 0x00000003e0000000| PB 0x00000003e0000000| Untracked 
|  62|0x00000003e0800000, 0x00000003e0800000, 0x00000003e1000000|  0%| F|  |TAMS 0x00000003e0800000| PB 0x00000003e0800000| Untracked 
|  63|0x00000003e1000000, 0x00000003e1000000, 0x00000003e1800000|  0%| F|  |TAMS 0x00000003e1000000| PB 0x00000003e1000000| Untracked 
|  64|0x00000003e1800000, 0x00000003e1800000, 0x00000003e2000000|  0%| F|  |TAMS 0x00000003e1800000| PB 0x00000003e1800000| Untracked 
|  65|0x00000003e2000000, 0x00000003e2000000, 0x00000003e2800000|  0%| F|  |TAMS 0x00000003e2000000| PB 0x00000003e2000000| Untracked 
|  66|0x00000003e2800000, 0x00000003e2800000, 0x00000003e3000000|  0%| F|  |TAMS 0x00000003e2800000| PB 0x00000003e2800000| Untracked 
|  67|0x00000003e3000000, 0x00000003e3000000, 0x00000003e3800000|  0%| F|  |TAMS 0x00000003e3000000| PB 0x00000003e3000000| Untracked 
|  68|0x00000003e3800000, 0x00000003e3800000, 0x00000003e4000000|  0%| F|  |TAMS 0x00000003e3800000| PB 0x00000003e3800000| Untracked 
|  69|0x00000003e4000000, 0x00000003e4000000, 0x00000003e4800000|  0%| F|  |TAMS 0x00000003e4000000| PB 0x00000003e4000000| Untracked 
|  70|0x00000003e4800000, 0x00000003e4800000, 0x00000003e5000000|  0%| F|  |TAMS 0x00000003e4800000| PB 0x00000003e4800000| Untracked 
|  71|0x00000003e5000000, 0x00000003e5000000, 0x00000003e5800000|  0%| F|  |TAMS 0x00000003e5000000| PB 0x00000003e5000000| Untracked 
|  72|0x00000003e5800000, 0x00000003e5800000, 0x00000003e6000000|  0%| F|  |TAMS 0x00000003e5800000| PB 0x00000003e5800000| Untracked 
|  73|0x00000003e6000000, 0x00000003e6000000, 0x00000003e6800000|  0%| F|  |TAMS 0x00000003e6000000| PB 0x00000003e6000000| Untracked 
|  74|0x00000003e6800000, 0x00000003e6800000, 0x00000003e7000000|  0%| F|  |TAMS 0x00000003e6800000| PB 0x00000003e6800000| Untracked 
|  75|0x00000003e7000000, 0x00000003e7000000, 0x00000003e7800000|  0%| F|  |TAMS 0x00000003e7000000| PB 0x00000003e7000000| Untracked 
|  76|0x00000003e7800000, 0x00000003e7800000, 0x00000003e8000000|  0%| F|  |TAMS 0x00000003e7800000| PB 0x00000003e7800000| Untracked 
|  77|0x00000003e8000000, 0x00000003e8000000, 0x00000003e8800000|  0%| F|  |TAMS 0x00000003e8000000| PB 0x00000003e8000000| Untracked 
|  78|0x00000003e8800000, 0x00000003e8800000, 0x00000003e9000000|  0%| F|  |TAMS 0x00000003e8800000| PB 0x00000003e8800000| Untracked 
|  79|0x00000003e9000000, 0x00000003e9000000, 0x00000003e9800000|  0%| F|  |TAMS 0x00000003e9000000| PB 0x00000003e9000000| Untracked 
|  80|0x00000003e9800000, 0x00000003e9800000, 0x00000003ea000000|  0%| F|  |TAMS 0x00000003e9800000| PB 0x00000003e9800000| Untracked 
|  81|0x00000003ea000000, 0x00000003ea000000, 0x00000003ea800000|  0%| F|  |TAMS 0x00000003ea000000| PB 0x00000003ea000000| Untracked 
|  82|0x00000003ea800000, 0x00000003ea800000, 0x00000003eb000000|  0%| F|  |TAMS 0x00000003ea800000| PB 0x00000003ea800000| Untracked 
|  83|0x00000003eb000000, 0x00000003eb000000, 0x00000003eb800000|  0%| F|  |TAMS 0x00000003eb000000| PB 0x00000003eb000000| Untracked 
|  84|0x00000003eb800000, 0x00000003eb800000, 0x00000003ec000000|  0%| F|  |TAMS 0x00000003eb800000| PB 0x00000003eb800000| Untracked 
|  85|0x00000003ec000000, 0x00000003ec000000, 0x00000003ec800000|  0%| F|  |TAMS 0x00000003ec000000| PB 0x00000003ec000000| Untracked 
|  86|0x00000003ec800000, 0x00000003ec800000, 0x00000003ed000000|  0%| F|  |TAMS 0x00000003ec800000| PB 0x00000003ec800000| Untracked 
|  87|0x00000003ed000000, 0x00000003ed000000, 0x00000003ed800000|  0%| F|  |TAMS 0x00000003ed000000| PB 0x00000003ed000000| Untracked 
|  88|0x00000003ed800000, 0x00000003ed800000, 0x00000003ee000000|  0%| F|  |TAMS 0x00000003ed800000| PB 0x00000003ed800000| Untracked 
|  89|0x00000003ee000000, 0x00000003ee000000, 0x00000003ee800000|  0%| F|  |TAMS 0x00000003ee000000| PB 0x00000003ee000000| Untracked 
|  90|0x00000003ee800000, 0x00000003ee800000, 0x00000003ef000000|  0%| F|  |TAMS 0x00000003ee800000| PB 0x00000003ee800000| Untracked 
|  91|0x00000003ef000000, 0x00000003ef000000, 0x00000003ef800000|  0%| F|  |TAMS 0x00000003ef000000| PB 0x00000003ef000000| Untracked 
|  92|0x00000003ef800000, 0x00000003ef800000, 0x00000003f0000000|  0%| F|  |TAMS 0x00000003ef800000| PB 0x00000003ef800000| Untracked 
|  93|0x00000003f0000000, 0x00000003f0000000, 0x00000003f0800000|  0%| F|  |TAMS 0x00000003f0000000| PB 0x00000003f0000000| Untracked 
|  94|0x00000003f0800000, 0x00000003f0800000, 0x00000003f1000000|  0%| F|  |TAMS 0x00000003f0800000| PB 0x00000003f0800000| Untracked 
|  95|0x00000003f1000000, 0x00000003f1000000, 0x00000003f1800000|  0%| F|  |TAMS 0x00000003f1000000| PB 0x00000003f1000000| Untracked 
|  96|0x00000003f1800000, 0x00000003f1800000, 0x00000003f2000000|  0%| F|  |TAMS 0x00000003f1800000| PB 0x00000003f1800000| Untracked 
|  97|0x00000003f2000000, 0x00000003f2000000, 0x00000003f2800000|  0%| F|  |TAMS 0x00000003f2000000| PB 0x00000003f2000000| Untracked 
|  98|0x00000003f2800000, 0x00000003f2800000, 0x00000003f3000000|  0%| F|  |TAMS 0x00000003f2800000| PB 0x00000003f2800000| Untracked 
|  99|0x00000003f3000000, 0x00000003f3000000, 0x00000003f3800000|  0%| F|  |TAMS 0x00000003f3000000| PB 0x00000003f3000000| Untracked 
| 100|0x00000003f3800000, 0x00000003f3800000, 0x00000003f4000000|  0%| F|  |TAMS 0x00000003f3800000| PB 0x00000003f3800000| Untracked 
| 101|0x00000003f4000000, 0x00000003f4000000, 0x00000003f4800000|  0%| F|  |TAMS 0x00000003f4000000| PB 0x00000003f4000000| Untracked 
| 102|0x00000003f4800000, 0x00000003f4800000, 0x00000003f5000000|  0%| F|  |TAMS 0x00000003f4800000| PB 0x00000003f4800000| Untracked 
| 103|0x00000003f5000000, 0x00000003f5000000, 0x00000003f5800000|  0%| F|  |TAMS 0x00000003f5000000| PB 0x00000003f5000000| Untracked 
| 104|0x00000003f5800000, 0x00000003f5800000, 0x00000003f6000000|  0%| F|  |TAMS 0x00000003f5800000| PB 0x00000003f5800000| Untracked 
| 105|0x00000003f6000000, 0x00000003f6000000, 0x00000003f6800000|  0%| F|  |TAMS 0x00000003f6000000| PB 0x00000003f6000000| Untracked 
| 106|0x00000003f6800000, 0x00000003f6800000, 0x00000003f7000000|  0%| F|  |TAMS 0x00000003f6800000| PB 0x00000003f6800000| Untracked 
| 107|0x00000003f7000000, 0x00000003f7000000, 0x00000003f7800000|  0%| F|  |TAMS 0x00000003f7000000| PB 0x00000003f7000000| Untracked 
| 108|0x00000003f7800000, 0x00000003f7800000, 0x00000003f8000000|  0%| F|  |TAMS 0x00000003f7800000| PB 0x00000003f7800000| Untracked 
| 109|0x00000003f8000000, 0x00000003f8000000, 0x00000003f8800000|  0%| F|  |TAMS 0x00000003f8000000| PB 0x00000003f8000000| Untracked 
| 110|0x00000003f8800000, 0x00000003f8800000, 0x00000003f9000000|  0%| F|  |TAMS 0x00000003f8800000| PB 0x00000003f8800000| Untracked 
| 111|0x00000003f9000000, 0x00000003f9000000, 0x00000003f9800000|  0%| F|  |TAMS 0x00000003f9000000| PB 0x00000003f9000000| Untracked 
| 112|0x00000003f9800000, 0x00000003f9800000, 0x00000003fa000000|  0%| F|  |TAMS 0x00000003f9800000| PB 0x00000003f9800000| Untracked 
| 113|0x00000003fa000000, 0x00000003fa000000, 0x00000003fa800000|  0%| F|  |TAMS 0x00000003fa000000| PB 0x00000003fa000000| Untracked 
| 114|0x00000003fa800000, 0x00000003fa800000, 0x00000003fb000000|  0%| F|  |TAMS 0x00000003fa800000| PB 0x00000003fa800000| Untracked 
| 115|0x00000003fb000000, 0x00000003fb000000, 0x00000003fb800000|  0%| F|  |TAMS 0x00000003fb000000| PB 0x00000003fb000000| Untracked 
| 116|0x00000003fb800000, 0x00000003fb800000, 0x00000003fc000000|  0%| F|  |TAMS 0x00000003fb800000| PB 0x00000003fb800000| Untracked 
| 117|0x00000003fc000000, 0x00000003fc000000, 0x00000003fc800000|  0%| F|  |TAMS 0x00000003fc000000| PB 0x00000003fc000000| Untracked 
| 118|0x00000003fc800000, 0x00000003fc800000, 0x00000003fd000000|  0%| F|  |TAMS 0x00000003fc800000| PB 0x00000003fc800000| Untracked 
| 119|0x00000003fd000000, 0x00000003fd000000, 0x00000003fd800000|  0%| F|  |TAMS 0x00000003fd000000| PB 0x00000003fd000000| Untracked 
| 120|0x00000003fd800000, 0x00000003fd800000, 0x00000003fe000000|  0%| F|  |TAMS 0x00000003fd800000| PB 0x00000003fd800000| Untracked 
| 121|0x00000003fe000000, 0x00000003fe000000, 0x00000003fe800000|  0%| F|  |TAMS 0x00000003fe000000| PB 0x00000003fe000000| Untracked 
| 122|0x00000003fe800000, 0x00000003fefba580, 0x00000003ff000000| 96%| E|  |TAMS 0x00000003fe800000| PB 0x00000003fe800000| Complete 
| 123|0x00000003ff000000, 0x00000003ff800000, 0x00000003ff800000|100%| E|  |TAMS 0x00000003ff000000| PB 0x00000003ff000000| Complete 
| 124|0x00000003ff800000, 0x0000000400000000, 0x0000000400000000|100%| E|CS|TAMS 0x00000003ff800000| PB 0x00000003ff800000| Complete 
| 125|0x0000000400000000, 0x0000000400800000, 0x0000000400800000|100%| E|CS|TAMS 0x0000000400000000| PB 0x0000000400000000| Complete 
| 126|0x0000000400800000, 0x0000000401000000, 0x0000000401000000|100%| E|CS|TAMS 0x0000000400800000| PB 0x0000000400800000| Complete 
| 127|0x0000000401000000, 0x0000000401800000, 0x0000000401800000|100%| E|CS|TAMS 0x0000000401000000| PB 0x0000000401000000| Complete 

Card table byte_map: [0x00000260c1540000,0x00000260c3540000] _byte_map_base: 0x00000260bf734000

Marking Bits: (CMBitMap*) 0x00000260a6f844b0
 Bits: [0x00000260c5540000, 0x00000260d54e0000)

Polling page: 0x00000260a4db0000

Metaspace:

Usage:
  Non-class:      9.18 MB used.
      Class:    905.30 KB used.
       Both:     10.06 MB used.

Virtual space:
  Non-class space:       64.00 MB reserved,       9.25 MB ( 14%) committed,  1 nodes.
      Class space:        1.00 GB reserved,       1.00 MB ( <1%) committed,  1 nodes.
             Both:        1.06 GB reserved,      10.25 MB ( <1%) committed. 

Chunk freelists:
   Non-Class:  2.58 MB
       Class:  3.06 MB
        Both:  5.64 MB

MaxMetaspaceSize: unlimited
CompressedClassSpaceSize: 1.00 GB
Initial GC threshold: 21.00 MB
Current GC threshold: 21.00 MB
CDS: off
MetaspaceReclaimPolicy: balanced
 - commit_granule_bytes: 65536.
 - commit_granule_words: 8192.
 - virtual_space_node_default_size: 8388608.
 - enlarge_chunks_in_place: 1.
 - new_chunks_are_fully_committed: 0.
 - uncommit_free_chunks: 1.
 - use_allocation_guard: 0.


Internal statistics:

num_allocs_failed_limit: 0.
num_arena_births: 54.
num_arena_deaths: 0.
num_vsnodes_births: 2.
num_vsnodes_deaths: 0.
num_space_committed: 164.
num_space_uncommitted: 0.
num_chunks_returned_to_freelist: 0.
num_chunks_taken_from_freelist: 110.
num_chunk_merges: 0.
num_chunk_splits: 58.
num_chunks_enlarged: 32.
num_inconsistent_stats: 0.

CodeHeap 'non-profiled nmethods': size=118848Kb used=152Kb max_used=152Kb free=118695Kb
 bounds [0x00000260b6df0000, 0x00000260b7df0000, 0x00000260be200000]
CodeHeap 'profiled nmethods': size=118848Kb used=1515Kb max_used=1515Kb free=117332Kb
 bounds [0x00000260af200000, 0x00000260b0200000, 0x00000260b6610000]
CodeHeap 'non-nmethods': size=8064Kb used=3645Kb max_used=3645Kb free=4418Kb
 bounds [0x00000260b6610000, 0x00000260b6df0000, 0x00000260b6df0000]
 total_blobs=1232 nmethods=803 adapters=351
 compilation: enabled
              stopped_count=0, restarted_count=0
 full_count=0

JVMCI Events (5 events):
Event: 0.018 Thread 0x00000260a6ed09a0 created new Java JVMCI runtime -1 (0x00000260a6ebd6f0)
Event: 0.255 Thread 0x00000260d922e750 initializing JVMCI runtime -1
Event: 0.255 Thread 0x00000260d922e750 initializing JavaVM references in JVMCI runtime -1
Event: 0.269 Thread 0x00000260d922e750 initialized JavaVM references in JVMCI runtime -1
Event: 0.269 Thread 0x00000260d922e750 initialized JVMCI runtime -1

Compilation events (20 events):
Event: 0.350 Thread 0x00000260d949e4f0 nmethod 858 0x00000260af366c10 code [0x00000260af366dc0, 0x00000260af366f68]
Event: 0.351 Thread 0x00000260d949d9d0 nmethod 852 0x00000260af367110 code [0x00000260af3674e0, 0x00000260af369320]
Event: 0.351 Thread 0x00000260d9234880 nmethod 859 0x00000260af369e90 code [0x00000260af36a040, 0x00000260af36a320]
Event: 0.351 Thread 0x00000260d949df60 nmethod 857 0x00000260af36a410 code [0x00000260af36a660, 0x00000260af36aef8]
Event: 0.351 Thread 0x00000260d9234880  860   !   3       java.util.zip.ZipFile::getInputStream (275 bytes)
Event: 0.351 Thread 0x00000260d949d9d0  861       3       java.util.zip.ZipFile$ZipFileInputStream::<init> (96 bytes)
Event: 0.351 Thread 0x00000260d9287a10  862       3       java.util.zip.ZipUtils::CENOFF (9 bytes)
Event: 0.351 Thread 0x00000260d9287a10 nmethod 862 0x00000260af36b410 code [0x00000260af36b5c0, 0x00000260af36b8a0]
Event: 0.352 Thread 0x00000260d949d9d0 nmethod 861 0x00000260af36ba10 code [0x00000260af36bc40, 0x00000260af36c698]
Event: 0.352 Thread 0x00000260d9234880 nmethod 860 0x00000260af36cb10 code [0x00000260af36cde0, 0x00000260af36e208]
Event: 0.352 Thread 0x00000260d9234880  863       3       jdk.internal.jimage.ImageLocation::readValue (61 bytes)
Event: 0.352 Thread 0x00000260d9287a10  865       1       jdk.internal.jimage.ImageHeader::getTableLength (5 bytes)
Event: 0.352 Thread 0x00000260d9234880 nmethod 863 0x00000260af36ec90 code [0x00000260af36ee40, 0x00000260af36f330]
Event: 0.352 Thread 0x00000260d9287a10 nmethod 865 0x00000260b6e15110 code [0x00000260b6e15280, 0x00000260b6e15348]
Event: 0.352 Thread 0x00000260d9234880  866       3       jdk.internal.loader.URLClassPath$JarLoader::findResource (18 bytes)
Event: 0.353 Thread 0x00000260d9234880 nmethod 866 0x00000260af36f490 code [0x00000260af36f640, 0x00000260af36f820]
Event: 0.353 Thread 0x00000260d949e4f0  868       1       jdk.internal.org.objectweb.asm.MethodWriter::hasAsmInstructions (5 bytes)
Event: 0.353 Thread 0x00000260d949d9d0  869       3       jdk.internal.org.objectweb.asm.Handler::getExceptionTableSize (10 bytes)
Event: 0.353 Thread 0x00000260d949e4f0 nmethod 868 0x00000260b6e15710 code [0x00000260b6e15880, 0x00000260b6e15950]
Event: 0.353 Thread 0x00000260d949d9d0 nmethod 869 0x00000260af36f910 code [0x00000260af36faa0, 0x00000260af36fca8]

GC Heap History (0 events):
No events

Dll operation events (9 events):
Event: 0.005 Loaded shared library C:\Program Files\Zulu\zulu-20\bin\java.dll
Event: 0.019 Loaded shared library C:\Program Files\Zulu\zulu-20\bin\jsvml.dll
Event: 0.076 Loaded shared library C:\Program Files\Zulu\zulu-20\bin\net.dll
Event: 0.077 Loaded shared library C:\Program Files\Zulu\zulu-20\bin\nio.dll
Event: 0.254 Loaded shared library C:\Program Files\Zulu\zulu-20\bin\zip.dll
Event: 0.256 Loaded shared library C:\Program Files\Zulu\zulu-20\bin\instrument.dll
Event: 0.260 Loaded shared library C:\Program Files\Zulu\zulu-20\bin\zip.dll
Event: 0.293 Loaded shared library C:\Program Files\Zulu\zulu-20\bin\jimage.dll
Event: 0.335 Loaded shared library C:\Program Files\Zulu\zulu-20\bin\verify.dll

Deoptimization events (0 events):
No events

Classes loaded (20 events):
Event: 0.351 Loading class java/util/concurrent/ConcurrentSkipListMap$KeyIterator
Event: 0.352 Loading class java/util/concurrent/ConcurrentSkipListMap$Iter
Event: 0.352 Loading class java/util/concurrent/ConcurrentSkipListMap$Iter done
Event: 0.352 Loading class java/util/concurrent/ConcurrentSkipListMap$KeyIterator done
Event: 0.352 Loading class java/net/InetAddress$NameServiceAddresses
Event: 0.352 Loading class java/net/InetAddress$Addresses
Event: 0.352 Loading class java/net/InetAddress$Addresses done
Event: 0.352 Loading class java/net/InetAddress$NameServiceAddresses done
Event: 0.352 Loading class java/net/spi/InetAddressResolverProvider
Event: 0.352 Loading class java/net/spi/InetAddressResolverProvider done
Event: 0.352 Loading class java/lang/SecurityException
Event: 0.352 Loading class java/lang/SecurityException done
Event: 0.353 Loading class java/util/regex/CharPredicates
Event: 0.353 Loading class java/net/Inet4Address
Event: 0.353 Loading class java/net/Inet4Address done
Event: 0.353 Loading class java/net/Inet6Address
Event: 0.353 Loading class java/util/regex/CharPredicates done
Event: 0.353 Loading class java/net/Inet6Address done
Event: 0.353 Loading class java/net/Inet6Address$Inet6AddressHolder
Event: 0.353 Loading class java/net/Inet6Address$Inet6AddressHolder done

Classes unloaded (0 events):
No events

Classes redefined (0 events):
No events

Internal exceptions (6 events):
Event: 0.078 Thread 0x00000260a6ed09a0 Exception <a 'sun/nio/fs/WindowsException'{0x00000004010967b8}> (0x00000004010967b8) 
thrown [s\src\hotspot\share\prims\jni.cpp, line 519]
Event: 0.084 Thread 0x00000260a6ed09a0 Exception <a 'java/lang/NoSuchMethodError'{0x00000004010a2438}: 'void java.lang.invoke.DirectMethodHandle$Holder.invokeSpecial(java.lang.Object, java.lang.Object, java.lang.Object)'> (0x00000004010a2438) 
thrown [s\src\hotspot\share\interpreter\linkResolver.cpp, line 773]
Event: 0.127 Thread 0x00000260a6ed09a0 Exception <a 'java/lang/NoSuchMethodError'{0x00000004016be0b8}: 'java.lang.Object java.lang.invoke.DirectMethodHandle$Holder.invokeVirtual(java.lang.Object, java.lang.Object, java.lang.Object)'> (0x00000004016be0b8) 
thrown [s\src\hotspot\share\interpreter\linkResolver.cpp, line 773]
Event: 0.190 Thread 0x00000260a6ed09a0 Exception <a 'sun/nio/fs/WindowsException'{0x000000040030c310}> (0x000000040030c310) 
thrown [s\src\hotspot\share\prims\jni.cpp, line 519]
Event: 0.336 Thread 0x00000260a6ed09a0 Exception <a 'java/lang/NoSuchMethodError'{0x00000003fec5e6f0}: 'void java.lang.invoke.DirectMethodHandle$Holder.invokeStatic(java.lang.Object, java.lang.Object, java.lang.Object)'> (0x00000003fec5e6f0) 
thrown [s\src\hotspot\share\interpreter\linkResolver.cpp, line 773]
Event: 0.338 Thread 0x00000260a6ed09a0 Exception <a 'java/lang/NoSuchMethodError'{0x00000003fec74bc8}: 'java.lang.Object java.lang.invoke.Invokers$Holder.invokeExact_MT(java.lang.Object, java.lang.Object, java.lang.Object, java.lang.Object, java.lang.Object)'> (0x00000003fec74bc8) 
thrown [s\src\hotspot\share\interpreter\linkResolver.cpp, line 773]

VM Operations (6 events):
Event: 0.247 Executing VM operation: HandshakeAllThreads
Event: 0.247 Executing VM operation: HandshakeAllThreads done
Event: 0.299 Executing VM operation: HandshakeAllThreads
Event: 0.299 Executing VM operation: HandshakeAllThreads done
Event: 0.346 Executing VM operation: HandshakeAllThreads
Event: 0.346 Executing VM operation: HandshakeAllThreads done

Events (14 events):
Event: 0.019 Thread 0x00000260a6ed09a0 Thread added: 0x00000260a6ed09a0
Event: 0.034 Thread 0x00000260d91e11e0 Thread added: 0x00000260d91e11e0
Event: 0.034 Thread 0x00000260d91e1d20 Thread added: 0x00000260d91e1d20
Event: 0.035 Thread 0x00000260d9221090 Thread added: 0x00000260d9221090
Event: 0.035 Thread 0x00000260d9214c20 Thread added: 0x00000260d9214c20
Event: 0.035 Thread 0x00000260d9215560 Thread added: 0x00000260d9215560
Event: 0.035 Thread 0x00000260d9215ea0 Thread added: 0x00000260d9215ea0
Event: 0.035 Thread 0x00000260d922e750 Thread added: 0x00000260d922e750
Event: 0.035 Thread 0x00000260d9234880 Thread added: 0x00000260d9234880
Event: 0.047 Thread 0x00000260d9287a10 Thread added: 0x00000260d9287a10
Event: 0.071 Thread 0x00000260d9407010 Thread added: 0x00000260d9407010
Event: 0.132 Thread 0x00000260d949d9d0 Thread added: 0x00000260d949d9d0
Event: 0.132 Thread 0x00000260d949df60 Thread added: 0x00000260d949df60
Event: 0.132 Thread 0x00000260d949e4f0 Thread added: 0x00000260d949e4f0


Dynamic libraries:
0x00007ff75d6d0000 - 0x00007ff75d6de000 	C:\Program Files\Zulu\zulu-20\bin\java.exe
0x00007ffdd4a50000 - 0x00007ffdd4c64000 	C:\WINDOWS\SYSTEM32\ntdll.dll
0x00007ffdd3410000 - 0x00007ffdd34d2000 	C:\WINDOWS\System32\KERNEL32.DLL
0x00007ffdd1fb0000 - 0x00007ffdd234c000 	C:\WINDOWS\System32\KERNELBASE.dll
0x00007ffdd2350000 - 0x00007ffdd2461000 	C:\WINDOWS\System32\ucrtbase.dll
0x00007ffdca6a0000 - 0x00007ffdca6b7000 	C:\Program Files\Zulu\zulu-20\bin\jli.dll
0x00007ffdc5300000 - 0x00007ffdc531b000 	C:\Program Files\Zulu\zulu-20\bin\VCRUNTIME140.dll
0x00007ffdd4770000 - 0x00007ffdd491b000 	C:\WINDOWS\System32\USER32.dll
0x00007ffdd1f80000 - 0x00007ffdd1fa6000 	C:\WINDOWS\System32\win32u.dll
0x00007ffdb95a0000 - 0x00007ffdb982e000 	C:\WINDOWS\WinSxS\amd64_microsoft.windows.common-controls_6595b64144ccf1df_6.0.22621.608_none_a9444ca7c10bb01d\COMCTL32.dll
0x00007ffdd3b10000 - 0x00007ffdd3b39000 	C:\WINDOWS\System32\GDI32.dll
0x00007ffdd4040000 - 0x00007ffdd40e7000 	C:\WINDOWS\System32\msvcrt.dll
0x00007ffdd2470000 - 0x00007ffdd2583000 	C:\WINDOWS\System32\gdi32full.dll
0x00007ffdd27c0000 - 0x00007ffdd285a000 	C:\WINDOWS\System32\msvcp_win.dll
0x00007ffdd4920000 - 0x00007ffdd4951000 	C:\WINDOWS\System32\IMM32.DLL
0x00007ffdcbe20000 - 0x00007ffdcbe2c000 	C:\Program Files\Zulu\zulu-20\bin\vcruntime140_1.dll
0x00007ffdb5130000 - 0x00007ffdb51be000 	C:\Program Files\Zulu\zulu-20\bin\msvcp140.dll
0x00007ffd4ebd0000 - 0x00007ffd4f8dc000 	C:\Program Files\Zulu\zulu-20\bin\server\jvm.dll
0x00007ffdd4240000 - 0x00007ffdd42ee000 	C:\WINDOWS\System32\ADVAPI32.dll
0x00007ffdd40f0000 - 0x00007ffdd4194000 	C:\WINDOWS\System32\sechost.dll
0x00007ffdd42f0000 - 0x00007ffdd4407000 	C:\WINDOWS\System32\RPCRT4.dll
0x00007ffdc36f0000 - 0x00007ffdc3724000 	C:\WINDOWS\SYSTEM32\WINMM.dll
0x00007ffdcb1e0000 - 0x00007ffdcb1ea000 	C:\WINDOWS\SYSTEM32\VERSION.dll
0x00007ffdc6b20000 - 0x00007ffdc6b29000 	C:\WINDOWS\SYSTEM32\WSOCK32.dll
0x00007ffdd35c0000 - 0x00007ffdd3631000 	C:\WINDOWS\System32\WS2_32.dll
0x00007ffdd0ea0000 - 0x00007ffdd0eb8000 	C:\WINDOWS\SYSTEM32\kernel.appcore.dll
0x00007ffdcb0a0000 - 0x00007ffdcb0aa000 	C:\Program Files\Zulu\zulu-20\bin\jimage.dll
0x00007ffdc9b40000 - 0x00007ffdc9d6e000 	C:\WINDOWS\SYSTEM32\DBGHELP.DLL
0x00007ffdd3770000 - 0x00007ffdd3af9000 	C:\WINDOWS\System32\combase.dll
0x00007ffdd34e0000 - 0x00007ffdd35b7000 	C:\WINDOWS\System32\OLEAUT32.dll
0x00007ffdc9b00000 - 0x00007ffdc9b32000 	C:\WINDOWS\SYSTEM32\dbgcore.DLL
0x00007ffdd1f00000 - 0x00007ffdd1f7b000 	C:\WINDOWS\System32\bcryptPrimitives.dll
0x00007ffdc8a10000 - 0x00007ffdc8a1e000 	C:\Program Files\Zulu\zulu-20\bin\instrument.dll
0x00007ffdc52a0000 - 0x00007ffdc52c6000 	C:\Program Files\Zulu\zulu-20\bin\java.dll
0x00007ffdb5050000 - 0x00007ffdb5127000 	C:\Program Files\Zulu\zulu-20\bin\jsvml.dll
0x00007ffdd2a00000 - 0x00007ffdd31f0000 	C:\WINDOWS\System32\SHELL32.dll
0x00007ffdcfe50000 - 0x00007ffdd071d000 	C:\WINDOWS\SYSTEM32\windows.storage.dll
0x00007ffdcfd10000 - 0x00007ffdcfe4e000 	C:\WINDOWS\SYSTEM32\wintypes.dll
0x00007ffdd2900000 - 0x00007ffdd29f1000 	C:\WINDOWS\System32\SHCORE.dll
0x00007ffdd3b50000 - 0x00007ffdd3bae000 	C:\WINDOWS\System32\shlwapi.dll
0x00007ffdd1dc0000 - 0x00007ffdd1de1000 	C:\WINDOWS\SYSTEM32\profapi.dll
0x00007ffdc3fb0000 - 0x00007ffdc3fc3000 	C:\Program Files\Zulu\zulu-20\bin\net.dll
0x00007ffdcc0e0000 - 0x00007ffdcc217000 	C:\WINDOWS\SYSTEM32\WINHTTP.dll
0x00007ffdd1300000 - 0x00007ffdd1369000 	C:\WINDOWS\system32\mswsock.dll
0x00007ffdc0290000 - 0x00007ffdc02a6000 	C:\Program Files\Zulu\zulu-20\bin\nio.dll
0x00007ffdbad50000 - 0x00007ffdbad68000 	C:\Program Files\Zulu\zulu-20\bin\zip.dll
0x00007ffdca690000 - 0x00007ffdca6a0000 	C:\Program Files\Zulu\zulu-20\bin\verify.dll
0x00007ffdac040000 - 0x00007ffdac057000 	C:\WINDOWS\system32\napinsp.dll
0x00007ffdac020000 - 0x00007ffdac03b000 	C:\WINDOWS\system32\pnrpnsp.dll
0x00007ffdd09e0000 - 0x00007ffdd0ad3000 	C:\WINDOWS\SYSTEM32\DNSAPI.dll
0x00007ffdd09b0000 - 0x00007ffdd09dd000 	C:\WINDOWS\SYSTEM32\IPHLPAPI.DLL
0x00007ffdd4030000 - 0x00007ffdd4039000 	C:\WINDOWS\System32\NSI.dll
0x00007ffda7c00000 - 0x00007ffda7c11000 	C:\WINDOWS\System32\winrnr.dll
0x00007ffdcc2d0000 - 0x00007ffdcc2e5000 	C:\WINDOWS\system32\wshbth.dll
0x00007ffda44f0000 - 0x00007ffda4511000 	C:\WINDOWS\system32\nlansp_c.dll
0x00007ffdcb1f0000 - 0x00007ffdcb1fa000 	C:\Windows\System32\rasadhlp.dll
0x00007ffdcba00000 - 0x00007ffdcba83000 	C:\WINDOWS\System32\fwpuclnt.dll

dbghelp: loaded successfully - version: 4.0.5 - missing functions: none
symbol engine: initialized successfully - sym options: 0x614 - pdb path: .;C:\Program Files\Zulu\zulu-20\bin;C:\WINDOWS\SYSTEM32;C:\WINDOWS\WinSxS\amd64_microsoft.windows.common-controls_6595b64144ccf1df_6.0.22621.608_none_a9444ca7c10bb01d;C:\Program Files\Zulu\zulu-20\bin\server

VM Arguments:
jvm_args: -javaagent:C:\\Users\\jtalbut\\.m2\\repository\\org\\jacoco\\org.jacoco.agent\\0.8.9\\org.jacoco.agent-0.8.9-runtime.jar=destfile=C:\\Work\\github\\query-engine\\query-engine\\target\\jacoco.exec -Dfile.encoding=UTF-8 -XX:+UnlockExperimentalVMOptions -XX:+UseJVMCICompiler --module-path=target/compiler --upgrade-module-path=target/compiler 
java_command: C:\Users\jtalbut\AppData\Roaming\MobaXterm\slash\var\log\xwin\surefire10807259271078126577\surefirebooter-20230414084139271_9.jar C:\Users\jtalbut\AppData\Roaming\MobaXterm\slash\var\log\xwin\surefire10807259271078126577 2023-04-14T08-41-38_793-jvmRun3 surefire-20230414084139271_1tmp surefire_0-20230414084139271_5tmp
java_class_path (initial): C:\Users\jtalbut\AppData\Roaming\MobaXterm\slash\var\log\xwin\surefire10807259271078126577\surefirebooter-20230414084139271_9.jar
Launcher Type: SUN_STANDARD

[Global flags]
     intx CICompilerCount                          = 15                                        {product} {ergonomic}
     uint ConcGCThreads                            = 6                                         {product} {ergonomic}
     uint G1ConcRefinementThreads                  = 23                                        {product} {ergonomic}
     uint G1EagerReclaimRemSetThreshold            = 64                                   {experimental} {ergonomic}
   size_t G1HeapRegionSize                         = 8388608                                   {product} {ergonomic}
     uint G1RemSetArrayOfCardsEntries              = 64                                   {experimental} {ergonomic}
     uint G1RemSetHowlMaxNumBuckets                = 8                                    {experimental} {ergonomic}
     uint G1RemSetHowlNumBuckets                   = 8                                    {experimental} {ergonomic}
    uintx GCDrainStackTargetSize                   = 64                                        {product} {ergonomic}
   size_t InitialHeapSize                          = 1073741824                                {product} {ergonomic}
   size_t MarkStackSize                            = 4194304                                   {product} {ergonomic}
   size_t MaxHeapSize                              = 17154703360                               {product} {ergonomic}
   size_t MaxNewSize                               = 10292822016                               {product} {ergonomic}
   size_t MinHeapDeltaBytes                        = 8388608                                   {product} {ergonomic}
   size_t MinHeapSize                              = 8388608                                   {product} {ergonomic}
    uintx NonNMethodCodeHeapSize                   = 8192380                                {pd product} {ergonomic}
    uintx NonProfiledCodeHeapSize                  = 121732930                              {pd product} {ergonomic}
    uintx ProfiledCodeHeapSize                     = 121732930                              {pd product} {ergonomic}
    uintx ReservedCodeCacheSize                    = 251658240                              {pd product} {ergonomic}
     bool SegmentedCodeCache                       = true                                      {product} {ergonomic}
   size_t SoftMaxHeapSize                          = 17154703360                            {manageable} {ergonomic}
     bool UnlockExperimentalVMOptions              = true                                 {experimental} {command line}
     bool UseCompressedClassPointers               = true                           {product lp64_product} {ergonomic}
     bool UseCompressedOops                        = true                           {product lp64_product} {ergonomic}
     bool UseG1GC                                  = true                                      {product} {ergonomic}
     bool UseJVMCICompiler                         = true                           {JVMCI experimental} {command line}
     bool UseLargePagesIndividualAllocation        = false                                  {pd product} {ergonomic}

Logging:
Log output configuration:
 #0: stdout all=warning uptime,level,tags foldmultilines=false
 #1: stderr all=off uptime,level,tags foldmultilines=false

Environment Variables:
JAVA_HOME=C:\Program Files\Zulu\zulu-20\
PATH=C:\Program Files\Zulu\zulu-20\bin\;C:\Program Files\Zulu\zulu-19\bin\;C:\Program Files\Zulu\zulu-18\bin\;C:\Program Files\Zulu\zulu-17\bin\;C:\Program Files\Zulu\zulu-11\bin\;C:\Windows\system32;C:\Windows;C:\Windows\System32\Wbem;C:\Windows\System32\WindowsPowerShell\v1.0\;C:\Windows\System32\OpenSSH\;C:\Program Files\PuTTY\;C:\Program Files\Microsoft VS Code\bin;C:\Program Files (x86)\Gpg4win\..\GnuPG\bin;C:\Program Files\GitHub CLI\;C:\Program Files\nodejs\;C:\Program Files (x86)\NVIDIA Corporation\PhysX\Common;C:\Program Files\NVIDIA Corporation\NVIDIA NvDLISR;C:\WINDOWS\system32;C:\WINDOWS;C:\WINDOWS\System32\Wbem;C:\WINDOWS\System32\WindowsPowerShell\v1.0\;C:\WINDOWS\System32\OpenSSH\;C:\Program Files\Docker\Docker\resources\bin;C:\Users\jtalbut\AppData\Local\Microsoft\WindowsApps;C:\Users\jtalbut\AppData\Local\gitkraken\bin;C:\Program Files\apache-maven-3.8.8\bin;;C:\WINDOWS\sysnative\;C:\Users\jtalbut\AppData\Roaming\MobaXterm\slash\bin
USERNAME=jtalbut
LD_LIBRARY_PATH=C:\Users\jtalbut\AppData\Roaming\MOBAXT~1\slash\bin
DISPLAY=127.0.0.1:0.0
LANG=en_GB.UTF-8
LC_ALL=en_GB.UTF-8
LC_CTYPE=en_GB.UTF-8
OS=Windows_NT
PROCESSOR_IDENTIFIER=AMD64 Family 25 Model 33 Stepping 0, AuthenticAMD
TMP=C:\Users\jtalbut\AppData\Roaming\MobaXterm\slash\var\log\xwin
TEMP=C:\Users\jtalbut\AppData\Roaming\MobaXterm\slash\var\log\xwin




---------------  S Y S T E M  ---------------

OS:
 Windows 11 , 64 bit Build 22621 (10.0.22621.1485)
OS uptime: 1 days 23:44 hours
Hyper-V role detected

CPU: total 32 (initial active 32) (32 cores per cpu, 2 threads per core) family 25 model 33 stepping 0 microcode 0x0, cx8, cmov, fxsr, ht, mmx, 3dnowpref, sse, sse2, sse3, ssse3, sse4a, sse4.1, sse4.2, popcnt, lzcnt, tsc, tscinvbit, avx, avx2, aes, erms, clmul, bmi1, bmi2, adx, sha, fma, vzeroupper, clflush, clflushopt, hv, rdtscp, rdpid, fsrm, f16c, cet_ss

Memory: 4k page, system-wide physical 65436M (35112M free)
TotalPageFile size 69532M (AvailPageFile size 30607M)
current process WorkingSet (physical memory assigned to process): 86M, peak: 86M
current process commit charge ("private bytes"): 1200M, peak: 1200M

vm_info: OpenJDK 64-Bit Server VM (20+36) for windows-amd64 JRE (20+36) (Zulu20.28+85-CA), built on 2023-03-07T08:37:03Z by "zulu_re" with MS VC++ 17.1 (VS2022)

END.
